<?xml version="1.0" encoding="UTF-8"?>
<testng-results skipped="0" failed="0" ignored="0" total="2" passed="2">
  <reporter-output>
  </reporter-output>
  <suite name="Default suite" duration-ms="71227" started-at="2019-12-26T15:16:11 IST" finished-at="2019-12-26T15:17:22 IST">
    <groups>
    </groups>
    <test name="Default test" duration-ms="71227" started-at="2019-12-26T15:16:11 IST" finished-at="2019-12-26T15:17:22 IST">
      <class name="com.amzon.AmzonDemo">
        <test-method status="PASS" signature="setUp()[pri:0, instance:com.amzon.AmzonDemo@4f970963]" name="setUp" is-config="true" duration-ms="13977" started-at="2019-12-26T15:16:11 IST" finished-at="2019-12-26T15:16:25 IST">
          <reporter-output>
          </reporter-output>
        </test-method> <!-- setUp -->
        <test-method status="PASS" signature="takeiPhonePricefromAmzn()[pri:0, instance:com.amzon.AmzonDemo@4f970963]" name="takeiPhonePricefromAmzn" duration-ms="17691" started-at="2019-12-26T15:16:25 IST" finished-at="2019-12-26T15:16:42 IST">
          <reporter-output>
          </reporter-output>
        </test-method> <!-- takeiPhonePricefromAmzn -->
        <test-method status="PASS" signature="tearDown()[pri:0, instance:com.amzon.AmzonDemo@4f970963]" name="tearDown" is-config="true" duration-ms="10462" started-at="2019-12-26T15:16:42 IST" finished-at="2019-12-26T15:16:53 IST">
          <reporter-output>
          </reporter-output>
        </test-method> <!-- tearDown -->
        <test-method status="PASS" signature="setUp()[pri:0, instance:com.amzon.AmzonDemo@4f970963]" name="setUp" is-config="true" duration-ms="11940" started-at="2019-12-26T15:16:53 IST" finished-at="2019-12-26T15:17:05 IST">
          <reporter-output>
          </reporter-output>
        </test-method> <!-- setUp -->
        <test-method status="PASS" signature="takeiPhonePricefromFlpkrt()[pri:0, instance:com.amzon.AmzonDemo@4f970963]" name="takeiPhonePricefromFlpkrt" duration-ms="9912" started-at="2019-12-26T15:17:05 IST" finished-at="2019-12-26T15:17:15 IST">
          <reporter-output>
          </reporter-output>
        </test-method> <!-- takeiPhonePricefromFlpkrt -->
        <test-method status="PASS" signature="tearDown()[pri:0, instance:com.amzon.AmzonDemo@4f970963]" name="tearDown" is-config="true" duration-ms="7106" started-at="2019-12-26T15:17:15 IST" finished-at="2019-12-26T15:17:22 IST">
          <reporter-output>
          </reporter-output>
        </test-method> <!-- tearDown -->
      </class> <!-- com.amzon.AmzonDemo -->
    </test> <!-- Default test -->
  </suite> <!-- Default suite -->
</testng-results>
